<?xml version="1.0" encoding="UTF-8" ?>
<testsuite failures="0" time="2.674" errors="0" skipped="1" tests="5" name="org.jscep.client.ClientTest">
  <properties>
    <property name="java.runtime.name" value="Java(TM) SE Runtime Environment"/>
    <property name="sun.boot.library.path" value="C:\Dev\jdk\1.6\1.6.0_19\jre\bin"/>
    <property name="java.vm.version" value="16.2-b04"/>
    <property name="java.vm.vendor" value="Sun Microsystems Inc."/>
    <property name="java.vendor.url" value="http://java.sun.com/"/>
    <property name="path.separator" value=";"/>
    <property name="java.vm.name" value="Java HotSpot(TM) Client VM"/>
    <property name="file.encoding.pkg" value="sun.io"/>
    <property name="user.country" value="GB"/>
    <property name="sun.java.launcher" value="SUN_STANDARD"/>
    <property name="sun.os.patch.level" value="Service Pack 1"/>
    <property name="java.vm.specification.name" value="Java Virtual Machine Specification"/>
    <property name="user.dir" value="C:\Users\grantd\Documents\GitHub\jscep"/>
    <property name="java.runtime.version" value="1.6.0_19-b04"/>
    <property name="java.awt.graphicsenv" value="sun.awt.Win32GraphicsEnvironment"/>
    <property name="basedir" value="C:\Users\grantd\Documents\GitHub\jscep"/>
    <property name="java.endorsed.dirs" value="C:\Dev\jdk\1.6\1.6.0_19\jre\lib\endorsed"/>
    <property name="os.arch" value="x86"/>
    <property name="surefire.real.class.path" value="C:\Users\grantd\Documents\GitHub\jscep\target\surefire\surefirebooter7938541176239537821.jar"/>
    <property name="java.io.tmpdir" value="C:\Users\grantd\AppData\Local\Temp\"/>
    <property name="line.separator" value="
"/>
    <property name="java.vm.specification.vendor" value="Sun Microsystems Inc."/>
    <property name="user.variant" value=""/>
    <property name="os.name" value="Windows 7"/>
    <property name="sun.jnu.encoding" value="Cp1252"/>
    <property name="java.library.path" value="C:\Dev\jdk\1.6\1.6.0_19\jre\bin;.;C:\Windows\Sun\Java\bin;C:\Windows\system32;C:\Windows;C:\oraclexe\app\oracle\product\11.2.0\server\bin;C:\oracle\product\11.2.0\client_1\bin;C:\Windows\system32;C:\Windows;C:\Windows\System32\Wbem;C:\Windows\System32\WindowsPowerShell\v1.0\;c:\program files\7-zip\;c:\Program Files (x86)\PuTTY;c:\Program Files (x86)\Notepad++;C:\Program Files\TortoiseCVS;C:\Program Files (x86)\CVSNT;C:\Program Files (x86)\TortoiseHg;C:\Program Files (x86)\Graphviz 2.28\bin;C:\cygwin\bin;C:\Program Files (x86)\QuickTime\QTSystem\;C:\Program Files (x86)\Subversion\bin;C:\Program Files\TortoiseSVN\bin;C:\Program Files (x86)\Git\cmd;C:\Ruby193\bin;C:\Dev\jdk\1.5\1.5.0_21\bin;C:\Dev\bin;C:\Dev\apache-ant-1.7.1\bin;C:\Dev\groovy-1.7.4\bin;C:\Dev\gradle-0.8\bin;C:\Dev\apache-maven-3.0.3\bin;C:\Dev\jrebel2\bin;C:\Dev\soapui-3.6\bin;C:\Program Files (x86)\PuTTY;C:\Program Files (x86)\CVSNT;C:\Dev\sqldeveloper-2.1.1.64.45-no-jre\sqldeveloper;C:\Dev\eclipse-jee-helios-win32\eclipse"/>
    <property name="surefire.test.class.path" value="C:\Users\grantd\Documents\GitHub\jscep\target\test-classes;C:\Users\grantd\Documents\GitHub\jscep\target\generated-classes\cobertura;C:\Users\grantd\.m2\repository\org\bouncycastle\bcpkix-jdk15on\1.47\bcpkix-jdk15on-1.47.jar;C:\Users\grantd\.m2\repository\org\bouncycastle\bcprov-jdk15on\1.47\bcprov-jdk15on-1.47.jar;C:\Users\grantd\.m2\repository\junit\junit-dep\4.10\junit-dep-4.10.jar;C:\Users\grantd\.m2\repository\org\hamcrest\hamcrest-all\1.3\hamcrest-all-1.3.jar;C:\Users\grantd\.m2\repository\org\eclipse\jetty\test-jetty-servlet\7.6.4.v20120524\test-jetty-servlet-7.6.4.v20120524.jar;C:\Users\grantd\.m2\repository\org\eclipse\jetty\jetty-webapp\7.6.4.v20120524\jetty-webapp-7.6.4.v20120524.jar;C:\Users\grantd\.m2\repository\org\eclipse\jetty\jetty-xml\7.6.4.v20120524\jetty-xml-7.6.4.v20120524.jar;C:\Users\grantd\.m2\repository\org\eclipse\jetty\jetty-util\7.6.4.v20120524\jetty-util-7.6.4.v20120524.jar;C:\Users\grantd\.m2\repository\org\eclipse\jetty\jetty-servlet\7.6.4.v20120524\jetty-servlet-7.6.4.v20120524.jar;C:\Users\grantd\.m2\repository\org\eclipse\jetty\jetty-security\7.6.4.v20120524\jetty-security-7.6.4.v20120524.jar;C:\Users\grantd\.m2\repository\org\eclipse\jetty\jetty-server\7.6.4.v20120524\jetty-server-7.6.4.v20120524.jar;C:\Users\grantd\.m2\repository\org\eclipse\jetty\orbit\javax.servlet\2.5.0.v201103041518\javax.servlet-2.5.0.v201103041518.jar;C:\Users\grantd\.m2\repository\org\eclipse\jetty\jetty-continuation\7.6.4.v20120524\jetty-continuation-7.6.4.v20120524.jar;C:\Users\grantd\.m2\repository\org\eclipse\jetty\jetty-http\7.6.4.v20120524\jetty-http-7.6.4.v20120524.jar;C:\Users\grantd\.m2\repository\org\eclipse\jetty\jetty-io\7.6.4.v20120524\jetty-io-7.6.4.v20120524.jar;C:\Users\grantd\.m2\repository\javax\servlet\servlet-api\2.5\servlet-api-2.5.jar;C:\Users\grantd\.m2\repository\org\slf4j\slf4j-api\1.6.1\slf4j-api-1.6.1.jar;C:\Users\grantd\.m2\repository\org\slf4j\slf4j-log4j12\1.6.1\slf4j-log4j12-1.6.1.jar;C:\Users\grantd\.m2\repository\log4j\log4j\1.2.16\log4j-1.2.16.jar;C:\Users\grantd\.m2\repository\commons-lang\commons-lang\2.6\commons-lang-2.6.jar;C:\Users\grantd\.m2\repository\org\mockito\mockito-all\1.9.0\mockito-all-1.9.0.jar;C:\Users\grantd\.m2\repository\commons-io\commons-io\2.4\commons-io-2.4.jar;C:\Users\grantd\.m2\repository\commons-codec\commons-codec\1.6\commons-codec-1.6.jar;C:\Users\grantd\.m2\repository\net\jcip\jcip-annotations\1.0\jcip-annotations-1.0.jar;C:\Users\grantd\.m2\repository\org\apache\maven\doxia\doxia-module-docbook-simple\1.3\doxia-module-docbook-simple-1.3.jar;C:\Users\grantd\.m2\repository\org\codehaus\plexus\plexus-utils\2.0.5\plexus-utils-2.0.5.jar;C:\Users\grantd\.m2\repository\org\apache\maven\doxia\doxia-core\1.3\doxia-core-1.3.jar;C:\Users\grantd\.m2\repository\org\apache\maven\doxia\doxia-logging-api\1.3\doxia-logging-api-1.3.jar;C:\Users\grantd\.m2\repository\org\codehaus\plexus\plexus-container-default\1.0-alpha-30\plexus-container-default-1.0-alpha-30.jar;C:\Users\grantd\.m2\repository\org\codehaus\plexus\plexus-classworlds\1.2-alpha-9\plexus-classworlds-1.2-alpha-9.jar;C:\Users\grantd\.m2\repository\junit\junit\3.8.1\junit-3.8.1.jar;C:\Users\grantd\.m2\repository\xerces\xercesImpl\2.9.1\xercesImpl-2.9.1.jar;C:\Users\grantd\.m2\repository\xml-apis\xml-apis\1.3.04\xml-apis-1.3.04.jar;C:\Users\grantd\.m2\repository\org\apache\httpcomponents\httpclient\4.0.2\httpclient-4.0.2.jar;C:\Users\grantd\.m2\repository\commons-logging\commons-logging\1.1.1\commons-logging-1.1.1.jar;C:\Users\grantd\.m2\repository\org\apache\httpcomponents\httpcore\4.0.1\httpcore-4.0.1.jar;C:\Users\grantd\.m2\repository\org\apache\maven\doxia\doxia-sink-api\1.3\doxia-sink-api-1.3.jar;C:\Users\grantd\.m2\repository\net\sourceforge\cobertura\cobertura\1.9.4.1\cobertura-1.9.4.1.jar;C:\Users\grantd\.m2\repository\org\apache\ant\ant\1.7.0\ant-1.7.0.jar;C:\Users\grantd\.m2\repository\org\apache\ant\ant-launcher\1.7.0\ant-launcher-1.7.0.jar;"/>
    <property name="java.specification.name" value="Java Platform API Specification"/>
    <property name="java.class.version" value="50.0"/>
    <property name="sun.management.compiler" value="HotSpot Client Compiler"/>
    <property name="os.version" value="6.1"/>
    <property name="user.home" value="C:\Users\grantd"/>
    <property name="user.timezone" value="Europe/London"/>
    <property name="java.awt.printerjob" value="sun.awt.windows.WPrinterJob"/>
    <property name="java.specification.version" value="1.6"/>
    <property name="file.encoding" value="Cp1252"/>
    <property name="user.name" value="grantd"/>
    <property name="java.class.path" value="C:\Users\grantd\Documents\GitHub\jscep\target\test-classes;C:\Users\grantd\Documents\GitHub\jscep\target\generated-classes\cobertura;C:\Users\grantd\.m2\repository\org\bouncycastle\bcpkix-jdk15on\1.47\bcpkix-jdk15on-1.47.jar;C:\Users\grantd\.m2\repository\org\bouncycastle\bcprov-jdk15on\1.47\bcprov-jdk15on-1.47.jar;C:\Users\grantd\.m2\repository\junit\junit-dep\4.10\junit-dep-4.10.jar;C:\Users\grantd\.m2\repository\org\hamcrest\hamcrest-all\1.3\hamcrest-all-1.3.jar;C:\Users\grantd\.m2\repository\org\eclipse\jetty\test-jetty-servlet\7.6.4.v20120524\test-jetty-servlet-7.6.4.v20120524.jar;C:\Users\grantd\.m2\repository\org\eclipse\jetty\jetty-webapp\7.6.4.v20120524\jetty-webapp-7.6.4.v20120524.jar;C:\Users\grantd\.m2\repository\org\eclipse\jetty\jetty-xml\7.6.4.v20120524\jetty-xml-7.6.4.v20120524.jar;C:\Users\grantd\.m2\repository\org\eclipse\jetty\jetty-util\7.6.4.v20120524\jetty-util-7.6.4.v20120524.jar;C:\Users\grantd\.m2\repository\org\eclipse\jetty\jetty-servlet\7.6.4.v20120524\jetty-servlet-7.6.4.v20120524.jar;C:\Users\grantd\.m2\repository\org\eclipse\jetty\jetty-security\7.6.4.v20120524\jetty-security-7.6.4.v20120524.jar;C:\Users\grantd\.m2\repository\org\eclipse\jetty\jetty-server\7.6.4.v20120524\jetty-server-7.6.4.v20120524.jar;C:\Users\grantd\.m2\repository\org\eclipse\jetty\orbit\javax.servlet\2.5.0.v201103041518\javax.servlet-2.5.0.v201103041518.jar;C:\Users\grantd\.m2\repository\org\eclipse\jetty\jetty-continuation\7.6.4.v20120524\jetty-continuation-7.6.4.v20120524.jar;C:\Users\grantd\.m2\repository\org\eclipse\jetty\jetty-http\7.6.4.v20120524\jetty-http-7.6.4.v20120524.jar;C:\Users\grantd\.m2\repository\org\eclipse\jetty\jetty-io\7.6.4.v20120524\jetty-io-7.6.4.v20120524.jar;C:\Users\grantd\.m2\repository\javax\servlet\servlet-api\2.5\servlet-api-2.5.jar;C:\Users\grantd\.m2\repository\org\slf4j\slf4j-api\1.6.1\slf4j-api-1.6.1.jar;C:\Users\grantd\.m2\repository\org\slf4j\slf4j-log4j12\1.6.1\slf4j-log4j12-1.6.1.jar;C:\Users\grantd\.m2\repository\log4j\log4j\1.2.16\log4j-1.2.16.jar;C:\Users\grantd\.m2\repository\commons-lang\commons-lang\2.6\commons-lang-2.6.jar;C:\Users\grantd\.m2\repository\org\mockito\mockito-all\1.9.0\mockito-all-1.9.0.jar;C:\Users\grantd\.m2\repository\commons-io\commons-io\2.4\commons-io-2.4.jar;C:\Users\grantd\.m2\repository\commons-codec\commons-codec\1.6\commons-codec-1.6.jar;C:\Users\grantd\.m2\repository\net\jcip\jcip-annotations\1.0\jcip-annotations-1.0.jar;C:\Users\grantd\.m2\repository\org\apache\maven\doxia\doxia-module-docbook-simple\1.3\doxia-module-docbook-simple-1.3.jar;C:\Users\grantd\.m2\repository\org\codehaus\plexus\plexus-utils\2.0.5\plexus-utils-2.0.5.jar;C:\Users\grantd\.m2\repository\org\apache\maven\doxia\doxia-core\1.3\doxia-core-1.3.jar;C:\Users\grantd\.m2\repository\org\apache\maven\doxia\doxia-logging-api\1.3\doxia-logging-api-1.3.jar;C:\Users\grantd\.m2\repository\org\codehaus\plexus\plexus-container-default\1.0-alpha-30\plexus-container-default-1.0-alpha-30.jar;C:\Users\grantd\.m2\repository\org\codehaus\plexus\plexus-classworlds\1.2-alpha-9\plexus-classworlds-1.2-alpha-9.jar;C:\Users\grantd\.m2\repository\junit\junit\3.8.1\junit-3.8.1.jar;C:\Users\grantd\.m2\repository\xerces\xercesImpl\2.9.1\xercesImpl-2.9.1.jar;C:\Users\grantd\.m2\repository\xml-apis\xml-apis\1.3.04\xml-apis-1.3.04.jar;C:\Users\grantd\.m2\repository\org\apache\httpcomponents\httpclient\4.0.2\httpclient-4.0.2.jar;C:\Users\grantd\.m2\repository\commons-logging\commons-logging\1.1.1\commons-logging-1.1.1.jar;C:\Users\grantd\.m2\repository\org\apache\httpcomponents\httpcore\4.0.1\httpcore-4.0.1.jar;C:\Users\grantd\.m2\repository\org\apache\maven\doxia\doxia-sink-api\1.3\doxia-sink-api-1.3.jar;C:\Users\grantd\.m2\repository\net\sourceforge\cobertura\cobertura\1.9.4.1\cobertura-1.9.4.1.jar;C:\Users\grantd\.m2\repository\org\apache\ant\ant\1.7.0\ant-1.7.0.jar;C:\Users\grantd\.m2\repository\org\apache\ant\ant-launcher\1.7.0\ant-launcher-1.7.0.jar;"/>
    <property name="java.vm.specification.version" value="1.0"/>
    <property name="sun.arch.data.model" value="32"/>
    <property name="java.home" value="C:\Dev\jdk\1.6\1.6.0_19\jre"/>
    <property name="java.specification.vendor" value="Sun Microsystems Inc."/>
    <property name="user.language" value="en"/>
    <property name="awt.toolkit" value="sun.awt.windows.WToolkit"/>
    <property name="java.vm.info" value="mixed mode"/>
    <property name="java.version" value="1.6.0_19"/>
    <property name="java.ext.dirs" value="C:\Dev\jdk\1.6\1.6.0_19\jre\lib\ext;C:\Windows\Sun\Java\lib\ext"/>
    <property name="sun.boot.class.path" value="C:\Dev\jdk\1.6\1.6.0_19\jre\lib\resources.jar;C:\Dev\jdk\1.6\1.6.0_19\jre\lib\rt.jar;C:\Dev\jdk\1.6\1.6.0_19\jre\lib\sunrsasign.jar;C:\Dev\jdk\1.6\1.6.0_19\jre\lib\jsse.jar;C:\Dev\jdk\1.6\1.6.0_19\jre\lib\jce.jar;C:\Dev\jdk\1.6\1.6.0_19\jre\lib\charsets.jar;C:\Dev\jdk\1.6\1.6.0_19\jre\classes"/>
    <property name="java.vendor" value="Sun Microsystems Inc."/>
    <property name="localRepository" value="C:\Users\grantd\.m2\repository"/>
    <property name="file.separator" value="\"/>
    <property name="java.vendor.url.bug" value="http://java.sun.com/cgi-bin/bugreport.cgi"/>
    <property name="sun.cpu.endian" value="little"/>
    <property name="sun.io.unicode.encoding" value="UnicodeLittle"/>
    <property name="sun.desktop" value="windows"/>
    <property name="sun.cpu.isalist" value="pentium_pro+mmx pentium_pro pentium+mmx pentium i486 i386 i86"/>
  </properties>
  <testcase time="0.662" classname="org.jscep.client.ClientTest" name="testRenewalEnrollAllowed">
    <skipped/>
  </testcase>
  <testcase time="0.506" classname="org.jscep.client.ClientTest" name="testEnroll"/>
  <testcase time="0.662" classname="org.jscep.client.ClientTest" name="testEnrollThenGet"/>
  <testcase time="0.544" classname="org.jscep.client.ClientTest" name="testEnrollInvalidPassword"/>
  <testcase time="0.21" classname="org.jscep.client.ClientTest" name="cgiProgIsIgnoredForIssue24"/>
</testsuite>